Watching for file changes with StatReloader
/Users/macair/Desktop/SilverHost/Falcon iOS/falcon-18-mar-2025/falcon/settings.py changed, reloading.
Watching for file changes with StatReloader
/Users/macair/Desktop/SilverHost/Falcon iOS/falcon-18-mar-2025/falcon/settings.py changed, reloading.
Watching for file changes with StatReloader
/Users/macair/Desktop/SilverHost/Falcon iOS/falcon-18-mar-2025/app/views.py changed, reloading.
Watching for file changes with StatReloader
/Users/macair/Desktop/SilverHost/Falcon iOS/falcon-18-mar-2025/app/views.py changed, reloading.
Watching for file changes with StatReloader
/Users/macair/Desktop/SilverHost/Falcon iOS/falcon-18-mar-2025/app/views.py changed, reloading.
Watching for file changes with StatReloader
/Users/macair/Desktop/SilverHost/Falcon iOS/falcon-18-mar-2025/app/views.py changed, reloading.
Watching for file changes with StatReloader
/Users/macair/Desktop/SilverHost/Falcon iOS/falcon-18-mar-2025/app/views.py changed, reloading.
Watching for file changes with StatReloader
/Users/macair/Desktop/SilverHost/Falcon iOS/falcon-18-mar-2025/app/views.py changed, reloading.
Watching for file changes with StatReloader
/Users/macair/Desktop/SilverHost/Falcon iOS/falcon-18-mar-2025/app/views.py changed, reloading.
Watching for file changes with StatReloader
/Users/macair/Desktop/SilverHost/Falcon iOS/falcon-18-mar-2025/app/views.py changed, reloading.
Watching for file changes with StatReloader
/Users/macair/Desktop/SilverHost/Falcon iOS/falcon-18-mar-2025/app/views.py changed, reloading.
Watching for file changes with StatReloader
/Users/macair/Desktop/SilverHost/Falcon iOS/falcon-18-mar-2025/falcon/urls.py changed, reloading.
Watching for file changes with StatReloader
/Users/macair/Desktop/SilverHost/Falcon iOS/falcon-18-mar-2025/falcon/urls.py changed, reloading.
Watching for file changes with StatReloader
/Users/macair/Desktop/SilverHost/Falcon iOS/falcon-18-mar-2025/falcon/urls.py changed, reloading.
Watching for file changes with StatReloader
/Users/macair/Desktop/SilverHost/Falcon iOS/falcon-18-mar-2025/falcon/urls.py changed, reloading.
Watching for file changes with StatReloader
/Users/macair/Desktop/SilverHost/Falcon iOS/falcon-18-mar-2025/falcon/urls.py changed, reloading.
Watching for file changes with StatReloader
/Users/macair/Desktop/SilverHost/Falcon iOS/falcon-18-mar-2025/falcon/urls.py changed, reloading.
Watching for file changes with StatReloader
/Users/macair/Desktop/SilverHost/Falcon iOS/falcon-18-mar-2025/falcon/urls.py changed, reloading.
Watching for file changes with StatReloader
/Users/macair/Desktop/SilverHost/Falcon iOS/falcon-18-mar-2025/app/views.py changed, reloading.
Watching for file changes with StatReloader
/Users/macair/Desktop/SilverHost/Falcon iOS/falcon-18-mar-2025/app/views.py changed, reloading.
Watching for file changes with StatReloader
/Users/macair/Desktop/SilverHost/Falcon iOS/falcon-18-mar-2025/app/views.py changed, reloading.
Watching for file changes with StatReloader
/Users/macair/Desktop/SilverHost/Falcon iOS/falcon-18-mar-2025/app/views.py changed, reloading.
Watching for file changes with StatReloader
/Users/macair/Desktop/SilverHost/Falcon iOS/falcon-18-mar-2025/app/views.py changed, reloading.
Watching for file changes with StatReloader
/Users/macair/Desktop/SilverHost/Falcon iOS/falcon-18-mar-2025/app/views.py changed, reloading.
Watching for file changes with StatReloader
/Users/macair/Desktop/SilverHost/Falcon iOS/falcon-18-mar-2025/app/views.py changed, reloading.
Watching for file changes with StatReloader
/Users/macair/Desktop/SilverHost/Falcon iOS/falcon-18-mar-2025/falcon/urls.py changed, reloading.
Watching for file changes with StatReloader
Not Found: /favicon.ico
/Users/macair/Desktop/SilverHost/Falcon iOS/falcon-18-mar-2025/app/views.py changed, reloading.
Watching for file changes with StatReloader
/Users/macair/Desktop/SilverHost/Falcon iOS/falcon-18-mar-2025/app/views.py changed, reloading.
Watching for file changes with StatReloader
/Users/macair/Desktop/SilverHost/Falcon iOS/falcon-18-mar-2025/app/views.py changed, reloading.
Watching for file changes with StatReloader
/Users/macair/Desktop/SilverHost/Falcon iOS/falcon-18-mar-2025/falcon/urls.py changed, reloading.
Watching for file changes with StatReloader
/Users/macair/Desktop/SilverHost/Falcon iOS/falcon-18-mar-2025/falcon/urls.py changed, reloading.
Watching for file changes with StatReloader
/Users/macair/Desktop/SilverHost/Falcon iOS/falcon-18-mar-2025/falcon/urls.py changed, reloading.
Watching for file changes with StatReloader
/Users/macair/Desktop/SilverHost/Falcon iOS/falcon-18-mar-2025/falcon/urls.py changed, reloading.
Watching for file changes with StatReloader
/Users/macair/Desktop/SilverHost/Falcon iOS/falcon-18-mar-2025/falcon/urls.py changed, reloading.
Watching for file changes with StatReloader
/Users/macair/Desktop/SilverHost/Falcon iOS/falcon-18-mar-2025/falcon/urls.py changed, reloading.
Watching for file changes with StatReloader
